2025-02-12T04:42:07.179263Z 0 [System] [MY-015015] [Server] MySQL Server - start.
2025-02-12T04:42:07.459506Z 0 [System] [MY-010116] [Server] C:\Users\pablo\AppData\Local\com.tinyapp.DBngin\Binaries\mysql\8.4.2\bin\mysqld.exe (mysqld 8.4.2) starting as process 4736
2025-02-12T04:42:07.480440Z 1 [System] [MY-013576] [InnoDB] InnoDB initialization has started.
2025-02-12T04:42:07.794509Z 1 [System] [MY-013577] [InnoDB] InnoDB initialization has ended.
2025-02-12T04:42:08.154027Z 0 [Warning] [MY-010068] [Server] CA certificate ca.pem is self signed.
2025-02-12T04:42:08.155303Z 0 [System] [MY-013602] [Server] Channel mysql_main configured to support TLS. Encrypted connections are now supported for this channel.
2025-02-12T04:42:08.222899Z 0 [System] [MY-011323] [Server] X Plugin ready for connections. Bind-address: '::' port: 33060
2025-02-12T04:42:08.223137Z 0 [System] [MY-010931] [Server] C:\Users\pablo\AppData\Local\com.tinyapp.DBngin\Binaries\mysql\8.4.2\bin\mysqld.exe: ready for connections. Version: '8.4.2'  socket: ''  port: 5000  MySQL Community Server - GPL.
2025-02-12T04:43:05.901462Z 8 [System] [MY-013172] [Server] Received SHUTDOWN from user root. Shutting down mysqld (Version: 8.4.2).
2025-02-12T04:43:05.902462Z 0 [System] [MY-013105] [Server] C:\Users\pablo\AppData\Local\com.tinyapp.DBngin\Binaries\mysql\8.4.2\bin\mysqld.exe: Normal shutdown.
2025-02-12T04:43:06.602688Z 0 [System] [MY-010910] [Server] C:\Users\pablo\AppData\Local\com.tinyapp.DBngin\Binaries\mysql\8.4.2\bin\mysqld.exe: Shutdown complete (mysqld 8.4.2)  MySQL Community Server - GPL.
2025-02-12T04:43:06.603873Z 0 [System] [MY-015016] [Server] MySQL Server - end.
2025-02-24T19:17:19.572293Z 0 [System] [MY-015015] [Server] MySQL Server - start.
2025-02-24T19:17:19.814959Z 0 [System] [MY-010116] [Server] C:\Users\pablo\AppData\Local\com.tinyapp.DBngin\Binaries\mysql\8.4.2\bin\mysqld.exe (mysqld 8.4.2) starting as process 2136
2025-02-24T19:17:19.885546Z 1 [System] [MY-013576] [InnoDB] InnoDB initialization has started.
2025-02-24T19:17:20.212482Z 1 [System] [MY-013577] [InnoDB] InnoDB initialization has ended.
2025-02-24T19:17:20.533267Z 0 [Warning] [MY-010068] [Server] CA certificate ca.pem is self signed.
2025-02-24T19:17:20.533876Z 0 [System] [MY-013602] [Server] Channel mysql_main configured to support TLS. Encrypted connections are now supported for this channel.
2025-02-24T19:17:20.588006Z 0 [System] [MY-011323] [Server] X Plugin ready for connections. Bind-address: '::' port: 33060
2025-02-24T19:17:20.588108Z 0 [System] [MY-010931] [Server] C:\Users\pablo\AppData\Local\com.tinyapp.DBngin\Binaries\mysql\8.4.2\bin\mysqld.exe: ready for connections. Version: '8.4.2'  socket: ''  port: 5000  MySQL Community Server - GPL.
2025-02-24T19:32:03.319980Z 8 [System] [MY-013172] [Server] Received SHUTDOWN from user root. Shutting down mysqld (Version: 8.4.2).
2025-02-24T19:32:03.321275Z 0 [System] [MY-013105] [Server] C:\Users\pablo\AppData\Local\com.tinyapp.DBngin\Binaries\mysql\8.4.2\bin\mysqld.exe: Normal shutdown.
2025-02-24T19:32:04.234469Z 0 [System] [MY-010910] [Server] C:\Users\pablo\AppData\Local\com.tinyapp.DBngin\Binaries\mysql\8.4.2\bin\mysqld.exe: Shutdown complete (mysqld 8.4.2)  MySQL Community Server - GPL.
2025-02-24T19:32:04.235668Z 0 [System] [MY-015016] [Server] MySQL Server - end.
